This is pdfTeX, Version 3.141592653-2.6-1.40.29 (MiKTeX 26.5) (preloaded format=pdflatex 2026.5.25)  27 JUN 2026 03:13
entering extended mode
 restricted \write18 enabled.
 %&-line parsing enabled.
**./draft.tex
(draft.tex
LaTeX2e <2025-11-01>
L3 programming layer <2026-04-28>

(/home/joseluisalmendarezgonzalez/.miktex/texmfs/install/tex/latex/beamer/beame
r.cls
Document Class: beamer 2026/01/22 v3.77 A class for typesetting presentations

(/home/joseluisalmendarezgonzalez/.miktex/texmfs/install/tex/latex/beamer/beame
rbasemodes.sty
(/home/joseluisalmendarezgonzalez/.miktex/texmfs/install/tex/latex/etoolbox/eto
olbox.sty
Package: etoolbox 2025/10/02 v2.5m e-TeX tools for LaTeX (JAW)
\etb@tempcnta=\count276
)
\beamer@tempbox=\box53
\beamer@tempcount=\count277
\c@beamerpauses=\count278

(/home/joseluisalmendarezgonzalez/.miktex/texmfs/install/tex/latex/beamer/beame
rbasedecode.sty
\beamer@slideinframe=\count279
\beamer@minimum=\count280
\beamer@decode@box=\box54
)
\beamer@commentbox=\box55
\beamer@modecount=\count281
)
(/home/joseluisalmendarezgonzalez/.miktex/texmfs/install/tex/generic/iftex/ifte
x.sty
Package: iftex 2024/12/12 v1.0g TeX engine tests
)
\headdp=\dimen150
\footheight=\dimen151
\sidebarheight=\dimen152
\beamer@tempdim=\dimen153
\beamer@finalheight=\dimen154
\beamer@animht=\dimen155
\beamer@animdp=\dimen156
\beamer@animwd=\dimen157
\beamer@leftmargin=\dimen158
\beamer@rightmargin=\dimen159
\beamer@leftsidebar=\dimen160
\beamer@rightsidebar=\dimen161
\beamer@boxsize=\dimen162
\beamer@vboxoffset=\dimen163
\beamer@descdefault=\dimen164
\beamer@descriptionwidth=\dimen165
\beamer@lastskip=\skip49
\beamer@areabox=\box56
\beamer@animcurrent=\box57
\beamer@animshowbox=\box58
\beamer@sectionbox=\box59
\beamer@logobox=\box60
\beamer@linebox=\box61
\beamer@sectioncount=\count282
\beamer@subsubsectionmax=\count283
\beamer@subsectionmax=\count284
\beamer@sectionmax=\count285
\beamer@totalheads=\count286
\beamer@headcounter=\count287
\beamer@partstartpage=\count288
\beamer@sectionstartpage=\count289
\beamer@subsectionstartpage=\count290
\beamer@animationtempa=\count291
\beamer@animationtempb=\count292
\beamer@xpos=\count293
\beamer@ypos=\count294
\beamer@ypos@offset=\count295
\beamer@showpartnumber=\count296
\beamer@currentsubsection=\count297
\beamer@coveringdepth=\count298
\beamer@sectionadjust=\count299
\beamer@toclastsection=\count300
\beamer@tocsectionnumber=\count301

(/home/joseluisalmendarezgonzalez/.miktex/texmfs/install/tex/latex/beamer/beame
rbaseoptions.sty
(/home/joseluisalmendarezgonzalez/.miktex/texmfs/install/tex/latex/graphics/key
val.sty
Package: keyval 2022/05/29 v1.15 key=value parser (DPC)
\KV@toks@=\toks17
))
\beamer@paperwidth=\skip50
\beamer@paperheight=\skip51

(/home/joseluisalmendarezgonzalez/.miktex/texmfs/install/tex/latex/geometry/geo
metry.sty
Package: geometry 2026/03/07 v6.0 Page Geometry

(/home/joseluisalmendarezgonzalez/.miktex/texmfs/install/tex/generic/iftex/ifvt
ex.sty
Package: ifvtex 2019/10/25 v1.7 ifvtex legacy package. Use iftex instead.
)
\Gm@cnth=\count302
\Gm@cntv=\count303
\c@Gm@tempcnt=\count304
\Gm@bindingoffset=\dimen166
\Gm@wd@mp=\dimen167
\Gm@odd@mp=\dimen168
\Gm@even@mp=\dimen169
\Gm@layoutwidth=\dimen170
\Gm@layoutheight=\dimen171
\Gm@layouthoffset=\dimen172
\Gm@layoutvoffset=\dimen173
\Gm@dimlist=\toks18

(/home/joseluisalmendarezgonzalez/.miktex/texmfs/install/tex/latex/geometry/geo
metry.cfg))
(/home/joseluisalmendarezgonzalez/.miktex/texmfs/install/tex/latex/pgf/math/pgf
math.sty
(/home/joseluisalmendarezgonzalez/.miktex/texmfs/install/tex/latex/pgf/utilitie
s/pgfrcs.sty
(/home/joseluisalmendarezgonzalez/.miktex/texmfs/install/tex/generic/pgf/utilit
ies/pgfutil-common.tex
\pgfutil@everybye=\toks19
\pgfutil@tempdima=\dimen174
\pgfutil@tempdimb=\dimen175
)
(/home/joseluisalmendarezgonzalez/.miktex/texmfs/install/tex/generic/pgf/utilit
ies/pgfutil-latex.def
\pgfutil@abb=\box62
)
(/home/joseluisalmendarezgonzalez/.miktex/texmfs/install/tex/generic/pgf/utilit
ies/pgfrcs.code.tex
(/home/joseluisalmendarezgonzalez/.miktex/texmfs/install/tex/generic/pgf/pgf.re
vision.tex)
Package: pgfrcs 2025-08-29 v3.1.11a (3.1.11a)
))
(/home/joseluisalmendarezgonzalez/.miktex/texmfs/install/tex/latex/pgf/utilitie
s/pgfkeys.sty
(/home/joseluisalmendarezgonzalez/.miktex/texmfs/install/tex/generic/pgf/utilit
ies/pgfkeys.code.tex
\pgfkeys@pathtoks=\toks20
\pgfkeys@temptoks=\toks21

(/home/joseluisalmendarezgonzalez/.miktex/texmfs/install/tex/generic/pgf/utilit
ies/pgfkeyslibraryfiltered.code.tex
\pgfkeys@tmptoks=\toks22
)))
(/home/joseluisalmendarezgonzalez/.miktex/texmfs/install/tex/generic/pgf/math/p
gfmath.code.tex
(/home/joseluisalmendarezgonzalez/.miktex/texmfs/install/tex/generic/pgf/math/p
gfmathutil.code.tex
\pgf@x=\dimen176
\pgf@xa=\dimen177
\pgf@xb=\dimen178
\pgf@xc=\dimen179
\pgf@y=\dimen180
\pgf@ya=\dimen181
\pgf@yb=\dimen182
\pgf@yc=\dimen183
\c@pgf@counta=\count305
\c@pgf@countb=\count306
\c@pgf@countc=\count307
\c@pgf@countd=\count308
)
(/home/joseluisalmendarezgonzalez/.miktex/texmfs/install/tex/generic/pgf/math/p
gfmathparser.code.tex
\pgfmath@dimen=\dimen184
\pgfmath@count=\count309
\pgfmath@box=\box63
\pgfmath@toks=\toks23
\pgfmath@stack@operand=\toks24
\pgfmath@stack@operation=\toks25
)
(/home/joseluisalmendarezgonzalez/.miktex/texmfs/install/tex/generic/pgf/math/p
gfmathfunctions.code.tex)
(/home/joseluisalmendarezgonzalez/.miktex/texmfs/install/tex/generic/pgf/math/p
gfmathfunctions.basic.code.tex)
(/home/joseluisalmendarezgonzalez/.miktex/texmfs/install/tex/generic/pgf/math/p
gfmathfunctions.trigonometric.code.tex)
(/home/joseluisalmendarezgonzalez/.miktex/texmfs/install/tex/generic/pgf/math/p
gfmathfunctions.random.code.tex)
(/home/joseluisalmendarezgonzalez/.miktex/texmfs/install/tex/generic/pgf/math/p
gfmathfunctions.comparison.code.tex)
(/home/joseluisalmendarezgonzalez/.miktex/texmfs/install/tex/generic/pgf/math/p
gfmathfunctions.base.code.tex)
(/home/joseluisalmendarezgonzalez/.miktex/texmfs/install/tex/generic/pgf/math/p
gfmathfunctions.round.code.tex)
(/home/joseluisalmendarezgonzalez/.miktex/texmfs/install/tex/generic/pgf/math/p
gfmathfunctions.misc.code.tex)
(/home/joseluisalmendarezgonzalez/.miktex/texmfs/install/tex/generic/pgf/math/p
gfmathfunctions.integerarithmetics.code.tex)
(/home/joseluisalmendarezgonzalez/.miktex/texmfs/install/tex/generic/pgf/math/p
gfmathcalc.code.tex)
(/home/joseluisalmendarezgonzalez/.miktex/texmfs/install/tex/generic/pgf/math/p
gfmathfloat.code.tex
\c@pgfmathroundto@lastzeros=\count310
)))
(/home/joseluisalmendarezgonzalez/.miktex/texmfs/install/tex/latex/base/size11.
clo
File: size11.clo 2025/01/22 v1.4n Standard LaTeX file (size option)
)
(/home/joseluisalmendarezgonzalez/.miktex/texmfs/install/tex/latex/pgf/basiclay
er/pgfcore.sty
(/home/joseluisalmendarezgonzalez/.miktex/texmfs/install/tex/latex/graphics/gra
phicx.sty
Package: graphicx 2024/12/31 v1.2e Enhanced LaTeX Graphics (DPC,SPQR)

(/home/joseluisalmendarezgonzalez/.miktex/texmfs/install/tex/latex/graphics/gra
phics.sty
Package: graphics 2024/08/06 v1.4g Standard LaTeX Graphics (DPC,SPQR)

(/home/joseluisalmendarezgonzalez/.miktex/texmfs/install/tex/latex/graphics/tri
g.sty
Package: trig 2023/12/02 v1.11 sin cos tan (DPC)
)
(/home/joseluisalmendarezgonzalez/.miktex/texmfs/install/tex/latex/graphics-cfg
/graphics.cfg
File: graphics.cfg 2016/06/04 v1.11 sample graphics configuration
)
Package graphics Info: Driver file: pdftex.def on input line 106.

(/home/joseluisalmendarezgonzalez/.miktex/texmfs/install/tex/latex/graphics-def
/pdftex.def
File: pdftex.def 2025/09/29 v1.2d Graphics/color driver for pdftex
))
\Gin@req@height=\dimen185
\Gin@req@width=\dimen186
)
(/home/joseluisalmendarezgonzalez/.miktex/texmfs/install/tex/latex/pgf/systemla
yer/pgfsys.sty
(/home/joseluisalmendarezgonzalez/.miktex/texmfs/install/tex/generic/pgf/system
layer/pgfsys.code.tex
Package: pgfsys 2025-08-29 v3.1.11a (3.1.11a)
\pgf@x=\dimen187
\pgf@y=\dimen188
\pgf@xa=\dimen189
\pgf@ya=\dimen190
\pgf@xb=\dimen191
\pgf@yb=\dimen192
\pgf@xc=\dimen193
\pgf@yc=\dimen194
\pgf@xd=\dimen195
\pgf@yd=\dimen196
\w@pgf@writea=\write3
\r@pgf@reada=\read2
\c@pgf@counta=\count311
\c@pgf@countb=\count312
\c@pgf@countc=\count313
\c@pgf@countd=\count314
\t@pgf@toka=\toks26
\t@pgf@tokb=\toks27
\t@pgf@tokc=\toks28
\pgf@sys@id@count=\count315

(/home/joseluisalmendarezgonzalez/.miktex/texmfs/install/tex/generic/pgf/system
layer/pgf.cfg
File: pgf.cfg 2025-08-29 v3.1.11a (3.1.11a)
)
Driver file for pgf: pgfsys-pdftex.def

(/home/joseluisalmendarezgonzalez/.miktex/texmfs/install/tex/generic/pgf/system
layer/pgfsys-pdftex.def
File: pgfsys-pdftex.def 2025-08-29 v3.1.11a (3.1.11a)

(/home/joseluisalmendarezgonzalez/.miktex/texmfs/install/tex/generic/pgf/system
layer/pgfsys-common-pdf.def
File: pgfsys-common-pdf.def 2025-08-29 v3.1.11a (3.1.11a)
)))
(/home/joseluisalmendarezgonzalez/.miktex/texmfs/install/tex/generic/pgf/system
layer/pgfsyssoftpath.code.tex
File: pgfsyssoftpath.code.tex 2025-08-29 v3.1.11a (3.1.11a)
\pgfsyssoftpath@smallbuffer@items=\count316
\pgfsyssoftpath@bigbuffer@items=\count317
)
(/home/joseluisalmendarezgonzalez/.miktex/texmfs/install/tex/generic/pgf/system
layer/pgfsysprotocol.code.tex
File: pgfsysprotocol.code.tex 2025-08-29 v3.1.11a (3.1.11a)
))
(/home/joseluisalmendarezgonzalez/.miktex/texmfs/install/tex/latex/xcolor/xcolo
r.sty
Package: xcolor 2024/09/29 v3.02 LaTeX color extensions (UK)

(/home/joseluisalmendarezgonzalez/.miktex/texmfs/install/tex/latex/graphics-cfg
/color.cfg
File: color.cfg 2016/01/02 v1.6 sample color configuration
)
Package xcolor Info: Driver file: pdftex.def on input line 274.

(/home/joseluisalmendarezgonzalez/.miktex/texmfs/install/tex/latex/graphics/mat
hcolor.ltx)
Package xcolor Info: Model `cmy' substituted by `cmy0' on input line 1349.
Package xcolor Info: Model `hsb' substituted by `rgb' on input line 1353.
Package xcolor Info: Model `RGB' extended on input line 1365.
Package xcolor Info: Model `HTML' substituted by `rgb' on input line 1367.
Package xcolor Info: Model `Hsb' substituted by `hsb' on input line 1368.
Package xcolor Info: Model `tHsb' substituted by `hsb' on input line 1369.
Package xcolor Info: Model `HSB' substituted by `hsb' on input line 1370.
Package xcolor Info: Model `Gray' substituted by `gray' on input line 1371.
Package xcolor Info: Model `wave' substituted by `hsb' on input line 1372.
)
(/home/joseluisalmendarezgonzalez/.miktex/texmfs/install/tex/generic/pgf/basicl
ayer/pgfcore.code.tex
Package: pgfcore 2025-08-29 v3.1.11a (3.1.11a)

(/home/joseluisalmendarezgonzalez/.miktex/texmfs/install/tex/generic/pgf/math/p
gfint.code.tex)
(/home/joseluisalmendarezgonzalez/.miktex/texmfs/install/tex/generic/pgf/basicl
ayer/pgfcorepoints.code.tex
File: pgfcorepoints.code.tex 2025-08-29 v3.1.11a (3.1.11a)
\pgf@picminx=\dimen197
\pgf@picmaxx=\dimen198
\pgf@picminy=\dimen199
\pgf@picmaxy=\dimen256
\pgf@pathminx=\dimen257
\pgf@pathmaxx=\dimen258
\pgf@pathminy=\dimen259
\pgf@pathmaxy=\dimen260
\pgf@xx=\dimen261
\pgf@xy=\dimen262
\pgf@yx=\dimen263
\pgf@yy=\dimen264
\pgf@zx=\dimen265
\pgf@zy=\dimen266
)
(/home/joseluisalmendarezgonzalez/.miktex/texmfs/install/tex/generic/pgf/basicl
ayer/pgfcorepathconstruct.code.tex
File: pgfcorepathconstruct.code.tex 2025-08-29 v3.1.11a (3.1.11a)
\pgf@path@lastx=\dimen267
\pgf@path@lasty=\dimen268
)
(/home/joseluisalmendarezgonzalez/.miktex/texmfs/install/tex/generic/pgf/basicl
ayer/pgfcorepathusage.code.tex
File: pgfcorepathusage.code.tex 2025-08-29 v3.1.11a (3.1.11a)
\pgf@shorten@end@additional=\dimen269
\pgf@shorten@start@additional=\dimen270
)
(/home/joseluisalmendarezgonzalez/.miktex/texmfs/install/tex/generic/pgf/basicl
ayer/pgfcorescopes.code.tex
File: pgfcorescopes.code.tex 2025-08-29 v3.1.11a (3.1.11a)
\pgfpic=\box64
\pgf@hbox=\box65
\pgf@layerbox@main=\box66
\pgf@picture@serial@count=\count318
)
(/home/joseluisalmendarezgonzalez/.miktex/texmfs/install/tex/generic/pgf/basicl
ayer/pgfcoregraphicstate.code.tex
File: pgfcoregraphicstate.code.tex 2025-08-29 v3.1.11a (3.1.11a)
\pgflinewidth=\dimen271
)
(/home/joseluisalmendarezgonzalez/.miktex/texmfs/install/tex/generic/pgf/basicl
ayer/pgfcoretransformations.code.tex
File: pgfcoretransformations.code.tex 2025-08-29 v3.1.11a (3.1.11a)
\pgf@pt@x=\dimen272
\pgf@pt@y=\dimen273
\pgf@pt@temp=\dimen274
)
(/home/joseluisalmendarezgonzalez/.miktex/texmfs/install/tex/generic/pgf/basicl
ayer/pgfcorequick.code.tex
File: pgfcorequick.code.tex 2025-08-29 v3.1.11a (3.1.11a)
)
(/home/joseluisalmendarezgonzalez/.miktex/texmfs/install/tex/generic/pgf/basicl
ayer/pgfcoreobjects.code.tex
File: pgfcoreobjects.code.tex 2025-08-29 v3.1.11a (3.1.11a)
)
(/home/joseluisalmendarezgonzalez/.miktex/texmfs/install/tex/generic/pgf/basicl
ayer/pgfcorepathprocessing.code.tex
File: pgfcorepathprocessing.code.tex 2025-08-29 v3.1.11a (3.1.11a)
)
(/home/joseluisalmendarezgonzalez/.miktex/texmfs/install/tex/generic/pgf/basicl
ayer/pgfcorearrows.code.tex
File: pgfcorearrows.code.tex 2025-08-29 v3.1.11a (3.1.11a)
\pgfarrowsep=\dimen275
)
(/home/joseluisalmendarezgonzalez/.miktex/texmfs/install/tex/generic/pgf/basicl
ayer/pgfcoreshade.code.tex
File: pgfcoreshade.code.tex 2025-08-29 v3.1.11a (3.1.11a)
\pgf@max=\dimen276
\pgf@sys@shading@range@num=\count319
\pgf@shadingcount=\count320
)
(/home/joseluisalmendarezgonzalez/.miktex/texmfs/install/tex/generic/pgf/basicl
ayer/pgfcoreimage.code.tex
File: pgfcoreimage.code.tex 2025-08-29 v3.1.11a (3.1.11a)
)
(/home/joseluisalmendarezgonzalez/.miktex/texmfs/install/tex/generic/pgf/basicl
ayer/pgfcoreexternal.code.tex
File: pgfcoreexternal.code.tex 2025-08-29 v3.1.11a (3.1.11a)
\pgfexternal@startupbox=\box67
)
(/home/joseluisalmendarezgonzalez/.miktex/texmfs/install/tex/generic/pgf/basicl
ayer/pgfcorelayers.code.tex
File: pgfcorelayers.code.tex 2025-08-29 v3.1.11a (3.1.11a)
)
(/home/joseluisalmendarezgonzalez/.miktex/texmfs/install/tex/generic/pgf/basicl
ayer/pgfcoretransparency.code.tex
File: pgfcoretransparency.code.tex 2025-08-29 v3.1.11a (3.1.11a)
)
(/home/joseluisalmendarezgonzalez/.miktex/texmfs/install/tex/generic/pgf/basicl
ayer/pgfcorepatterns.code.tex
File: pgfcorepatterns.code.tex 2025-08-29 v3.1.11a (3.1.11a)
)
(/home/joseluisalmendarezgonzalez/.miktex/texmfs/install/tex/generic/pgf/basicl
ayer/pgfcorerdf.code.tex
File: pgfcorerdf.code.tex 2025-08-29 v3.1.11a (3.1.11a)
)))
(/home/joseluisalmendarezgonzalez/.miktex/texmfs/install/tex/latex/pgf/utilitie
s/xxcolor.sty
Package: xxcolor 2003/10/24 ver 0.1
\XC@nummixins=\count321
\XC@countmixins=\count322
)
(/home/joseluisalmendarezgonzalez/.miktex/texmfs/install/tex/latex/base/atbegsh
i-ltx.sty
Package: atbegshi-ltx 2021/01/10 v1.0c Emulation of the original atbegshi
package with kernel methods
)
(/home/joseluisalmendarezgonzalez/.miktex/texmfs/install/tex/latex/hyperref/hyp
erref.sty
Package: hyperref 2026-04-24 v7.01q Hypertext links for LaTeX

(/home/joseluisalmendarezgonzalez/.miktex/texmfs/install/tex/latex/kvsetkeys/kv
setkeys.sty
Package: kvsetkeys 2022-10-05 v1.19 Key value parser (HO)
)
(/home/joseluisalmendarezgonzalez/.miktex/texmfs/install/tex/generic/kvdefineke
ys/kvdefinekeys.sty
Package: kvdefinekeys 2019-12-19 v1.6 Define keys (HO)
)
(/home/joseluisalmendarezgonzalez/.miktex/texmfs/install/tex/generic/pdfescape/
pdfescape.sty
Package: pdfescape 2019/12/09 v1.15 Implements pdfTeX's escape features (HO)

(/home/joseluisalmendarezgonzalez/.miktex/texmfs/install/tex/generic/ltxcmds/lt
xcmds.sty
Package: ltxcmds 2023-12-04 v1.26 LaTeX kernel commands for general use (HO)
)
(/home/joseluisalmendarezgonzalez/.miktex/texmfs/install/tex/generic/pdftexcmds
/pdftexcmds.sty
Package: pdftexcmds 2020-06-27 v0.33 Utility functions of pdfTeX for LuaTeX (HO
)

(/home/joseluisalmendarezgonzalez/.miktex/texmfs/install/tex/generic/infwarerr/
infwarerr.sty
Package: infwarerr 2019/12/03 v1.5 Providing info/warning/error messages (HO)
)
Package pdftexcmds Info: \pdf@primitive is available.
Package pdftexcmds Info: \pdf@ifprimitive is available.
Package pdftexcmds Info: \pdfdraftmode found.
))
(/home/joseluisalmendarezgonzalez/.miktex/texmfs/install/tex/latex/hycolor/hyco
lor.sty
Package: hycolor 2020-01-27 v1.10 Color options for hyperref/bookmark (HO)
)
(/home/joseluisalmendarezgonzalez/.miktex/texmfs/install/tex/latex/hyperref/nam
eref.sty
Package: nameref 2026-01-29 v2.58 Cross-referencing by name of section

(/home/joseluisalmendarezgonzalez/.miktex/texmfs/install/tex/latex/refcount/ref
count.sty
Package: refcount 2019/12/15 v3.6 Data extraction from label references (HO)
)
(/home/joseluisalmendarezgonzalez/.miktex/texmfs/install/tex/generic/gettitlest
ring/gettitlestring.sty
Package: gettitlestring 2019/12/15 v1.6 Cleanup title references (HO)

(/home/joseluisalmendarezgonzalez/.miktex/texmfs/install/tex/latex/kvoptions/kv
options.sty
Package: kvoptions 2022-06-15 v3.15 Key value format for package options (HO)
))
\c@section@level=\count323
)
(/home/joseluisalmendarezgonzalez/.miktex/texmfs/install/tex/generic/stringenc/
stringenc.sty
Package: stringenc 2019/11/29 v1.12 Convert strings between diff. encodings (HO
)
)
\@linkdim=\dimen277
\Hy@linkcounter=\count324
\Hy@pagecounter=\count325

(/home/joseluisalmendarezgonzalez/.miktex/texmfs/install/tex/latex/hyperref/pd1
enc.def
File: pd1enc.def 2026-04-24 v7.01q Hyperref: PDFDocEncoding definition (HO)
Now handling font encoding PD1 ...
... no UTF-8 mapping file for font encoding PD1
)
(/home/joseluisalmendarezgonzalez/.miktex/texmfs/install/tex/generic/intcalc/in
tcalc.sty
Package: intcalc 2019/12/15 v1.3 Expandable calculations with integers (HO)
)
\Hy@SavedSpaceFactor=\count326

(/home/joseluisalmendarezgonzalez/.miktex/texmfs/install/tex/latex/hyperref/pue
nc.def
File: puenc.def 2026-04-24 v7.01q Hyperref: PDF Unicode definition (HO)
Now handling font encoding PU ...
... no UTF-8 mapping file for font encoding PU
)
Package hyperref Info: Option `bookmarks' set `true' on input line 4070.
Package hyperref Info: Option `bookmarksopen' set `true' on input line 4070.
Package hyperref Info: Option `implicit' set `false' on input line 4070.
Package hyperref Info: Hyper figures OFF on input line 4199.
Package hyperref Info: Link nesting OFF on input line 4204.
Package hyperref Info: Hyper index ON on input line 4207.
Package hyperref Info: Plain pages OFF on input line 4214.
Package hyperref Info: Backreferencing OFF on input line 4219.
Package hyperref Info: Implicit mode OFF; no redefinition of LaTeX internals.
Package hyperref Info: Bookmarks ON on input line 4466.
\c@Hy@tempcnt=\count327

(/home/joseluisalmendarezgonzalez/.miktex/texmfs/install/tex/latex/url/url.sty
\Urlmuskip=\muskip17
Package: url 2013/09/16  ver 3.4  Verb mode for urls, etc.
)
LaTeX Info: Redefining \url on input line 4805.
\XeTeXLinkMargin=\dimen278

(/home/joseluisalmendarezgonzalez/.miktex/texmfs/install/tex/generic/bitset/bit
set.sty
Package: bitset 2019/12/09 v1.3 Handle bit-vector datatype (HO)

(/home/joseluisalmendarezgonzalez/.miktex/texmfs/install/tex/generic/bigintcalc
/bigintcalc.sty
Package: bigintcalc 2019/12/15 v1.5 Expandable calculations on big integers (HO
)
))
\Fld@menulength=\count328
\Field@Width=\dimen279
\Fld@charsize=\dimen280
Package hyperref Info: Hyper figures OFF on input line 6091.
Package hyperref Info: Link nesting OFF on input line 6096.
Package hyperref Info: Hyper index ON on input line 6099.
Package hyperref Info: backreferencing OFF on input line 6106.
Package hyperref Info: Link coloring OFF on input line 6111.
Package hyperref Info: Link coloring with OCG OFF on input line 6116.
Package hyperref Info: PDF/A mode OFF on input line 6121.
\Hy@abspage=\count329


Package hyperref Message: Stopped early.

)
Package hyperref Info: Driver (autodetected): hpdftex.

(/home/joseluisalmendarezgonzalez/.miktex/texmfs/install/tex/latex/hyperref/hpd
ftex.def
File: hpdftex.def 2026-04-24 v7.01q Hyperref driver for pdfTeX
\Fld@listcount=\count330
\c@bookmark@seq@number=\count331

(/home/joseluisalmendarezgonzalez/.miktex/texmfs/install/tex/latex/rerunfileche
ck/rerunfilecheck.sty
Package: rerunfilecheck 2025-06-21 v1.11 Rerun checks for auxiliary files (HO)

(/home/joseluisalmendarezgonzalez/.miktex/texmfs/install/tex/generic/uniquecoun
ter/uniquecounter.sty
Package: uniquecounter 2019/12/15 v1.4 Provide unlimited unique counter (HO)
)
Package uniquecounter Info: New unique counter `rerunfilecheck' on input line 2
84.
))
(/home/joseluisalmendarezgonzalez/.miktex/texmfs/install/tex/latex/beamer/beame
rbaserequires.sty
(/home/joseluisalmendarezgonzalez/.miktex/texmfs/install/tex/latex/beamer/beame
rbasecompatibility.sty)
(/home/joseluisalmendarezgonzalez/.miktex/texmfs/install/tex/latex/beamer/beame
rbasefont.sty
(/home/joseluisalmendarezgonzalez/.miktex/texmfs/install/tex/latex/amsfonts/ams
symb.sty
Package: amssymb 2013/01/14 v3.01 AMS font symbols

(/home/joseluisalmendarezgonzalez/.miktex/texmfs/install/tex/latex/amsfonts/ams
fonts.sty
Package: amsfonts 2013/01/14 v3.01 Basic AMSFonts support
\@emptytoks=\toks29
\symAMSa=\mathgroup4
\symAMSb=\mathgroup5
LaTeX Font Info:    Redeclaring math symbol \hbar on input line 98.
LaTeX Font Info:    Overwriting math alphabet `\mathfrak' in version `bold'
(Font)                  U/euf/m/n --> U/euf/b/n on input line 106.
))
(/home/joseluisalmendarezgonzalez/.miktex/texmfs/install/tex/latex/sansmathacce
nt/sansmathaccent.sty
Package: sansmathaccent 2020/01/31

(/home/joseluisalmendarezgonzalez/.miktex/texmfs/install/tex/latex/koma-script/
scrlfile.sty
Package: scrlfile 2026/02/02 v3.49.2 KOMA-Script package (file load hooks)

(/home/joseluisalmendarezgonzalez/.miktex/texmfs/install/tex/latex/koma-script/
scrlfile-hook.sty
Package: scrlfile-hook 2026/02/02 v3.49.2 KOMA-Script package (using LaTeX hook
s)

(/home/joseluisalmendarezgonzalez/.miktex/texmfs/install/tex/latex/koma-script/
scrlogo.sty
Package: scrlogo 2026/02/02 v3.49.2 KOMA-Script package (logo)
)))))
(/home/joseluisalmendarezgonzalez/.miktex/texmfs/install/tex/latex/beamer/beame
rbasetranslator.sty
(/home/joseluisalmendarezgonzalez/.miktex/texmfs/install/tex/latex/translator/t
ranslator.sty
Package: translator 2021-05-31 v1.12d Easy translation of strings in LaTeX
))
(/home/joseluisalmendarezgonzalez/.miktex/texmfs/install/tex/latex/beamer/beame
rbasemisc.sty)
(/home/joseluisalmendarezgonzalez/.miktex/texmfs/install/tex/latex/beamer/beame
rbasetwoscreens.sty)
(/home/joseluisalmendarezgonzalez/.miktex/texmfs/install/tex/latex/beamer/beame
rbaseoverlay.sty
\beamer@argscount=\count332
\beamer@lastskipcover=\skip52
\beamer@trivlistdepth=\count333
)
(/home/joseluisalmendarezgonzalez/.miktex/texmfs/install/tex/latex/beamer/beame
rbasetitle.sty)
(/home/joseluisalmendarezgonzalez/.miktex/texmfs/install/tex/latex/beamer/beame
rbasesection.sty
\c@lecture=\count334
\c@part=\count335
\c@section=\count336
\c@subsection=\count337
\c@subsubsection=\count338
)
(/home/joseluisalmendarezgonzalez/.miktex/texmfs/install/tex/latex/beamer/beame
rbaseframe.sty
\beamer@framebox=\box68
\beamer@frametitlebox=\box69
\beamer@zoombox=\box70
\beamer@zoomcount=\count339
\beamer@zoomframecount=\count340
\beamer@frametextheight=\dimen281
\c@subsectionslide=\count341
\beamer@frametopskip=\skip53
\beamer@framebottomskip=\skip54
\beamer@frametopskipautobreak=\skip55
\beamer@framebottomskipautobreak=\skip56
\beamer@envbody=\toks30
\framewidth=\dimen282
\c@framenumber=\count342
)
(/home/joseluisalmendarezgonzalez/.miktex/texmfs/install/tex/latex/beamer/beame
rbaseverbatim.sty
\beamer@verbatimfileout=\write4
)
(/home/joseluisalmendarezgonzalez/.miktex/texmfs/install/tex/latex/beamer/beame
rbaseframesize.sty
\beamer@splitbox=\box71
\beamer@autobreakcount=\count343
\beamer@autobreaklastheight=\dimen283
\beamer@frametitletoks=\toks31
\beamer@framesubtitletoks=\toks32
)
(/home/joseluisalmendarezgonzalez/.miktex/texmfs/install/tex/latex/beamer/beame
rbaseframecomponents.sty
\beamer@colheight=\skip57
\beamer@footins=\box72
)
(/home/joseluisalmendarezgonzalez/.miktex/texmfs/install/tex/latex/beamer/beame
rbasecolor.sty)
(/home/joseluisalmendarezgonzalez/.miktex/texmfs/install/tex/latex/beamer/beame
rbasenotes.sty
\beamer@frameboxcopy=\box73
)
(/home/joseluisalmendarezgonzalez/.miktex/texmfs/install/tex/latex/beamer/beame
rbasetoc.sty)
(/home/joseluisalmendarezgonzalez/.miktex/texmfs/install/tex/latex/beamer/beame
rbasetemplates.sty
\beamer@sbttoks=\toks33

(/home/joseluisalmendarezgonzalez/.miktex/texmfs/install/tex/latex/beamer/beame
rbaseauxtemplates.sty
(/home/joseluisalmendarezgonzalez/.miktex/texmfs/install/tex/latex/beamer/beame
rbaseboxes.sty
\bmb@box=\box74
\bmb@colorbox=\box75
\bmb@boxwidth=\dimen284
\bmb@boxheight=\dimen285
\bmb@prevheight=\dimen286
\bmb@temp=\dimen287
\bmb@dima=\dimen288
\bmb@dimb=\dimen289
\bmb@prevheight=\dimen290
)
\beamer@blockheadheight=\dimen291
))
(/home/joseluisalmendarezgonzalez/.miktex/texmfs/install/tex/latex/beamer/beame
rbaselocalstructure.sty
(/home/joseluisalmendarezgonzalez/.miktex/texmfs/install/tex/latex/tools/enumer
ate.sty
Package: enumerate 2023/07/04 v3.00 enumerate extensions (DPC)
\@enLab=\toks34
)
\beamer@bibiconwidth=\skip58
\c@figure=\count344
\c@table=\count345
\abovecaptionskip=\skip59
\belowcaptionskip=\skip60
)
(/home/joseluisalmendarezgonzalez/.miktex/texmfs/install/tex/latex/beamer/beame
rbasenavigation.sty
(/home/joseluisalmendarezgonzalez/.miktex/texmfs/install/tex/latex/beamer/beame
rbasenavigationsymbols.tex)
\beamer@section@min@dim=\dimen292
)
(/home/joseluisalmendarezgonzalez/.miktex/texmfs/install/tex/latex/beamer/beame
rbasetheorems.sty
(/home/joseluisalmendarezgonzalez/.miktex/texmfs/install/tex/latex/amsmath/amsm
ath.sty
Package: amsmath 2025/07/09 v2.17z AMS math features
\@mathmargin=\skip61

For additional information on amsmath, use the `?' option.

(/home/joseluisalmendarezgonzalez/.miktex/texmfs/install/tex/latex/amsmath/amst
ext.sty
Package: amstext 2024/11/17 v2.01 AMS text

(/home/joseluisalmendarezgonzalez/.miktex/texmfs/install/tex/latex/amsmath/amsg
en.sty
File: amsgen.sty 1999/11/30 v2.0 generic functions
\@emptytoks=\toks35
\ex@=\dimen293
))
(/home/joseluisalmendarezgonzalez/.miktex/texmfs/install/tex/latex/amsmath/amsb
sy.sty
Package: amsbsy 1999/11/29 v1.2d Bold Symbols
\pmbraise@=\dimen294
)
(/home/joseluisalmendarezgonzalez/.miktex/texmfs/install/tex/latex/amsmath/amso
pn.sty
Package: amsopn 2022/04/08 v2.04 operator names
)
\inf@bad=\count346
LaTeX Info: Redefining \frac on input line 233.
\uproot@=\count347
\leftroot@=\count348
LaTeX Info: Redefining \overline on input line 398.
LaTeX Info: Redefining \colon on input line 409.
\classnum@=\count349
\DOTSCASE@=\count350
LaTeX Info: Redefining \ldots on input line 495.
LaTeX Info: Redefining \dots on input line 498.
LaTeX Info: Redefining \cdots on input line 619.
\Mathstrutbox@=\box76
\strutbox@=\box77
LaTeX Info: Redefining \big on input line 721.
LaTeX Info: Redefining \Big on input line 722.
LaTeX Info: Redefining \bigg on input line 723.
LaTeX Info: Redefining \Bigg on input line 724.
\big@size=\dimen295
LaTeX Font Info:    Redeclaring font encoding OML on input line 742.
LaTeX Font Info:    Redeclaring font encoding OMS on input line 743.
\macc@depth=\count351
LaTeX Info: Redefining \bmod on input line 904.
LaTeX Info: Redefining \pmod on input line 909.
LaTeX Info: Redefining \smash on input line 939.
LaTeX Info: Redefining \relbar on input line 969.
LaTeX Info: Redefining \Relbar on input line 970.
\c@MaxMatrixCols=\count352
\dotsspace@=\muskip18
\c@parentequation=\count353
\dspbrk@lvl=\count354
\tag@help=\toks36
\row@=\count355
\column@=\count356
\maxfields@=\count357
\andhelp@=\toks37
\eqnshift@=\dimen296
\alignsep@=\dimen297
\tagshift@=\dimen298
\tagwidth@=\dimen299
\totwidth@=\dimen300
\lineht@=\dimen301
\@envbody=\toks38
\multlinegap=\skip62
\multlinetaggap=\skip63
\mathdisplay@stack=\toks39
LaTeX Info: Redefining \[ on input line 2950.
LaTeX Info: Redefining \] on input line 2951.
)
(/home/joseluisalmendarezgonzalez/.miktex/texmfs/install/tex/latex/amscls/amsth
m.sty
Package: amsthm 2020/05/29 v2.20.6
\thm@style=\toks40
\thm@bodyfont=\toks41
\thm@headfont=\toks42
\thm@notefont=\toks43
\thm@headpunct=\toks44
\thm@preskip=\skip64
\thm@postskip=\skip65
\thm@headsep=\skip66
\dth@everypar=\toks45
)
\c@theorem=\count358
)
(/home/joseluisalmendarezgonzalez/.miktex/texmfs/install/tex/latex/beamer/beame
rbasethemes.sty))
(/home/joseluisalmendarezgonzalez/.miktex/texmfs/install/tex/latex/beamer/beame
rthemedefault.sty
(/home/joseluisalmendarezgonzalez/.miktex/texmfs/install/tex/latex/beamer/beame
rfontthemedefault.sty)
(/home/joseluisalmendarezgonzalez/.miktex/texmfs/install/tex/latex/beamer/beame
rcolorthemedefault.sty)
(/home/joseluisalmendarezgonzalez/.miktex/texmfs/install/tex/latex/beamer/beame
rinnerthemedefault.sty
\beamer@dima=\dimen302
\beamer@dimb=\dimen303
)
(/home/joseluisalmendarezgonzalez/.miktex/texmfs/install/tex/latex/beamer/beame
routerthemedefault.sty)))
(/home/joseluisalmendarezgonzalez/.miktex/texmfs/install/tex/latex/beamertheme-
metropolis/beamerthememetropolis.sty
Package: beamerthememetropolis 2017/01/23 v1.2 Metropolis Beamer theme

(/home/joseluisalmendarezgonzalez/.miktex/texmfs/install/tex/latex/pgfopts/pgfo
pts.sty
Package: pgfopts 2014/07/10 v2.1a LaTeX package options with pgfkeys
\pgfopts@list@add@a@toks=\toks46
\pgfopts@list@add@b@toks=\toks47
)
(/home/joseluisalmendarezgonzalez/.miktex/texmfs/install/tex/latex/beamertheme-
metropolis/beamerinnerthememetropolis.sty
Package: beamerinnerthememetropolis 2017/01/23 Metropolis inner theme

(/home/joseluisalmendarezgonzalez/.miktex/texmfs/install/tex/latex/tools/calc.s
ty
Package: calc 2025/03/01 v4.3b Infix arithmetic (KKT,FJ)
\calc@Acount=\count359
\calc@Bcount=\count360
\calc@Adimen=\dimen304
\calc@Bdimen=\dimen305
\calc@Askip=\skip67
\calc@Bskip=\skip68
LaTeX Info: Redefining \setlength on input line 86.
LaTeX Info: Redefining \addtolength on input line 87.
\calc@Ccount=\count361
\calc@Cskip=\skip69
)
(/home/joseluisalmendarezgonzalez/.miktex/texmfs/install/tex/latex/pgf/frontend
layer/tikz.sty
(/home/joseluisalmendarezgonzalez/.miktex/texmfs/install/tex/latex/pgf/basiclay
er/pgf.sty
Package: pgf 2025-08-29 v3.1.11a (3.1.11a)

(/home/joseluisalmendarezgonzalez/.miktex/texmfs/install/tex/generic/pgf/module
s/pgfmoduleshapes.code.tex
File: pgfmoduleshapes.code.tex 2025-08-29 v3.1.11a (3.1.11a)
\pgfnodeparttextbox=\box78
)
(/home/joseluisalmendarezgonzalez/.miktex/texmfs/install/tex/generic/pgf/module
s/pgfmoduleplot.code.tex
File: pgfmoduleplot.code.tex 2025-08-29 v3.1.11a (3.1.11a)
)
(/home/joseluisalmendarezgonzalez/.miktex/texmfs/install/tex/latex/pgf/compatib
ility/pgfcomp-version-0-65.sty
Package: pgfcomp-version-0-65 2025-08-29 v3.1.11a (3.1.11a)
\pgf@nodesepstart=\dimen306
\pgf@nodesepend=\dimen307
)
(/home/joseluisalmendarezgonzalez/.miktex/texmfs/install/tex/latex/pgf/compatib
ility/pgfcomp-version-1-18.sty
Package: pgfcomp-version-1-18 2025-08-29 v3.1.11a (3.1.11a)
))
(/home/joseluisalmendarezgonzalez/.miktex/texmfs/install/tex/latex/pgf/utilitie
s/pgffor.sty
(/home/joseluisalmendarezgonzalez/.miktex/texmfs/install/tex/generic/pgf/utilit
ies/pgffor.code.tex
Package: pgffor 2025-08-29 v3.1.11a (3.1.11a)
\pgffor@iter=\dimen308
\pgffor@skip=\dimen309
\pgffor@stack=\toks48
\pgffor@toks=\toks49
))
(/home/joseluisalmendarezgonzalez/.miktex/texmfs/install/tex/generic/pgf/fronte
ndlayer/tikz/tikz.code.tex
Package: tikz 2025-08-29 v3.1.11a (3.1.11a)

(/home/joseluisalmendarezgonzalez/.miktex/texmfs/install/tex/generic/pgf/librar
ies/pgflibraryplothandlers.code.tex
File: pgflibraryplothandlers.code.tex 2025-08-29 v3.1.11a (3.1.11a)
\pgf@plot@mark@count=\count362
\pgfplotmarksize=\dimen310
)
\tikz@lastx=\dimen311
\tikz@lasty=\dimen312
\tikz@lastxsaved=\dimen313
\tikz@lastysaved=\dimen314
\tikz@lastmovetox=\dimen315
\tikz@lastmovetoy=\dimen316
\tikzleveldistance=\dimen317
\tikzsiblingdistance=\dimen318
\tikz@figbox=\box79
\tikz@figbox@bg=\box80
\tikz@tempbox=\box81
\tikz@tempbox@bg=\box82
\tikztreelevel=\count363
\tikznumberofchildren=\count364
\tikznumberofcurrentchild=\count365
\tikz@fig@count=\count366

(/home/joseluisalmendarezgonzalez/.miktex/texmfs/install/tex/generic/pgf/module
s/pgfmodulematrix.code.tex
File: pgfmodulematrix.code.tex 2025-08-29 v3.1.11a (3.1.11a)
\pgfmatrixcurrentrow=\count367
\pgfmatrixcurrentcolumn=\count368
\pgf@matrix@numberofcolumns=\count369
)
\tikz@expandcount=\count370

(/home/joseluisalmendarezgonzalez/.miktex/texmfs/install/tex/generic/pgf/fronte
ndlayer/tikz/libraries/tikzlibrarytopaths.code.tex
File: tikzlibrarytopaths.code.tex 2025-08-29 v3.1.11a (3.1.11a)
)))
\metropolis@titleseparator@linewidth=\skip70
\metropolis@progressonsectionpage=\skip71
\metropolis@progressonsectionpage@linewidth=\skip72
\metropolis@blocksep=\skip73
\metropolis@blockadjust=\skip74
\metropolis@parskip=\skip75
)
(/home/joseluisalmendarezgonzalez/.miktex/texmfs/install/tex/latex/beamertheme-
metropolis/beamerouterthememetropolis.sty
Package: beamerouterthememetropolis 2017/01/23 Metropolis outer theme
\metropolis@frametitle@padding=\skip76
\metropolis@progressinheadfoot=\skip77
\metropolis@progressinheadfoot@linewidth=\skip78
)
(/home/joseluisalmendarezgonzalez/.miktex/texmfs/install/tex/latex/beamertheme-
metropolis/beamercolorthememetropolis.sty
Package: beamercolorthememetropolis 2017/01/23 Metropolis color theme
)
(/home/joseluisalmendarezgonzalez/.miktex/texmfs/install/tex/latex/beamertheme-
metropolis/beamerfontthememetropolis.sty
Package: beamerfontthememetropolis 2017/01/23 Metropolis font theme

(/home/joseluisalmendarezgonzalez/.miktex/texmfs/install/tex/generic/iftex/ifxe
tex.sty
Package: ifxetex 2019/10/25 v0.7 ifxetex legacy package. Use iftex instead.
)
(/home/joseluisalmendarezgonzalez/.miktex/texmfs/install/tex/generic/iftex/iflu
atex.sty
Package: ifluatex 2019/10/25 v1.5 ifluatex legacy package. Use iftex instead.
)

Package beamerthememetropolis Warning: You need to compile with XeLaTeX or LuaL
aTeX to use the Fira fonts on input line 95.

))
(/home/joseluisalmendarezgonzalez/.miktex/texmfs/install/tex/generic/babel/babe
l.sty
Package: babel 2026/05/20 v26.8 The multilingual framework for LuaLaTeX, pdfLaT
eX and XeLaTeX
\babel@savecnt=\count371
LaTeX Encoding Info:    Redeclaring text command \ij (encoding OT1) on input li
ne 2084.
LaTeX Encoding Info:    Redeclaring text command \IJ (encoding OT1) on input li
ne 2086.
LaTeX Encoding Info:    Redeclaring text command \ij (encoding T1) on input lin
e 2088.
LaTeX Encoding Info:    Redeclaring text command \IJ (encoding T1) on input lin
e 2089.
LaTeX Encoding Info:    Ignoring declaration for text command \ij (encoding ?) 
on input line 2090.
LaTeX Encoding Info:    Ignoring declaration for text command \IJ (encoding ?) 
on input line 2092.
LaTeX Encoding Info:    Ignoring declaration for text command \SS (encoding ?) 
on input line 2117.
\U@D=\dimen319
\l@unhyphenated=\language1

(/home/joseluisalmendarezgonzalez/.miktex/texmfs/install/tex/generic/babel/txtb
abel.def)
\bbl@readstream=\read3
LaTeX Info: Redefining \textlatin on input line 3996.
\bbl@dirlevel=\count372
Package babel Info: Configuration files are deprecated, as
(babel)             they can break document portability.
(babel)             Reported on input line 4228.

*************************************
* Local config file bblopts.cfg used
*

(/home/joseluisalmendarezgonzalez/.miktex/texmfs/install/tex/latex/arabi/bblopt
s.cfg
File: bblopts.cfg 2005/09/08 v0.1 add Arabic and Farsi to "declared" options of
 babel
)
(/home/joseluisalmendarezgonzalez/.miktex/texmfs/install/tex/generic/babel/loca
le/es/babel-spanish.tex)
Package babel Info: Importing font and identification data for spanish
(babel)             from babel-es.ini. Reported on input line 4356.

(/home/joseluisalmendarezgonzalez/.miktex/texmfs/install/tex/latex/babel-spanis
h/spanish.ldf
Language: spanish.ldf 2021/05/27 v5.0q Spanish support from the babel system


Package babel Warning: No hyphenation patterns were preloaded for
(babel)                the language 'Spanish' into the format.
(babel)                Please, configure your TeX system to add them and
(babel)                rebuild the format. Now I will use the patterns
(babel)                preloaded for \language=0 instead on input line 51.

\es@quottoks=\toks50
\es@quotdepth=\count373
Package babel Info: Making " an active character on input line 570.
Package babel Info: Making . an active character on input line 675.
Package babel Info: Making < an active character on input line 722.
Package babel Info: Making > an active character on input line 722.
))
LaTeX Encoding Info:    Redeclaring text command \guillemotleft (encoding OT1) 
on input line 5.
LaTeX Encoding Info:    Redeclaring text command \guillemotright (encoding OT1)
 on input line 5.

(/home/joseluisalmendarezgonzalez/.miktex/texmfs/install/tex/latex/tcolorbox/tc
olorbox.sty
Package: tcolorbox 2026/05/28 version 6.10.0 text color boxes

(/home/joseluisalmendarezgonzalez/.miktex/texmfs/install/tex/latex/tools/verbat
im.sty
Package: verbatim 2024-01-22 v1.5x LaTeX2e package for verbatim enhancements
\every@verbatim=\toks51
\verbatim@line=\toks52
\verbatim@in@stream=\read4
)
(/home/joseluisalmendarezgonzalez/.miktex/texmfs/install/tex/latex/environ/envi
ron.sty
Package: environ 2014/05/04 v0.3 A new way to define environments

(/home/joseluisalmendarezgonzalez/.miktex/texmfs/install/tex/latex/trimspaces/t
rimspaces.sty
Package: trimspaces 2009/09/17 v1.1 Trim spaces around a token list
))
\tcb@titlebox=\box83
\tcb@upperbox=\box84
\tcb@lowerbox=\box85
\tcb@phantombox=\box86
\c@tcbbreakpart=\count374
\c@tcblayer=\count375
\c@tcolorbox@number=\count376
\l__tcobox_tmpa_box=\box87
\l__tcobox_tmpa_dim=\dimen320
\tcb@temp=\box88
\tcb@temp=\box89
\tcb@temp=\box90
\tcb@temp=\box91
)
(/home/joseluisalmendarezgonzalez/.miktex/texmfs/install/tex/latex/ragged2e/rag
ged2e.sty
Package: ragged2e 2023/06/22 v3.6 ragged2e Package
\CenteringLeftskip=\skip79
\RaggedLeftLeftskip=\skip80
\RaggedRightLeftskip=\skip81
\CenteringRightskip=\skip82
\RaggedLeftRightskip=\skip83
\RaggedRightRightskip=\skip84
\CenteringParfillskip=\skip85
\RaggedLeftParfillskip=\skip86
\RaggedRightParfillskip=\skip87
\JustifyingParfillskip=\skip88
\CenteringParindent=\skip89
\RaggedLeftParindent=\skip90
\RaggedRightParindent=\skip91
\JustifyingParindent=\skip92
)
(/home/joseluisalmendarezgonzalez/.miktex/texmfs/install/tex/generic/soul/soul.
sty
Package: soul 2026-03-06 v3.2 Permit use of UTF-8 characters in soul (HO)

(/home/joseluisalmendarezgonzalez/.miktex/texmfs/install/tex/generic/soul/soul-
ori.sty
Package: soul-ori 2026-03-06 v3.2 letterspacing/underlining (mf)
\SOUL@word=\toks53
\SOUL@lasttoken=\toks54
\SOUL@syllable=\toks55
\SOUL@cmds=\toks56
\SOUL@buffer=\toks57
\SOUL@token=\toks58
\SOUL@syllgoal=\dimen321
\SOUL@syllwidth=\dimen322
\SOUL@charkern=\dimen323
\SOUL@hyphkern=\dimen324
\SOUL@dimen=\dimen325
\SOUL@dimeni=\dimen326
\SOUL@minus=\count377
\SOUL@comma=\count378
\SOUL@apo=\count379
\SOUL@grave=\count380
\SOUL@spaceskip=\skip93
\SOUL@ttwidth=\dimen327
\SOUL@uldp=\dimen328
\SOUL@ulht=\dimen329
)
(/home/joseluisalmendarezgonzalez/.miktex/texmfs/install/tex/generic/etexcmds/e
texcmds.sty
Package: etexcmds 2019/12/15 v1.7 Avoid name clashes with e-TeX commands (HO)
))
(/home/joseluisalmendarezgonzalez/.miktex/texmfs/install/tex/latex/booktabs/boo
ktabs.sty
Package: booktabs 2020/01/12 v1.61803398 Publication quality tables
\heavyrulewidth=\dimen330
\lightrulewidth=\dimen331
\cmidrulewidth=\dimen332
\belowrulesep=\dimen333
\belowbottomsep=\dimen334
\aboverulesep=\dimen335
\abovetopsep=\dimen336
\cmidrulesep=\dimen337
\cmidrulekern=\dimen338
\defaultaddspace=\dimen339
\@cmidla=\count381
\@cmidlb=\count382
\@aboverulesep=\dimen340
\@belowrulesep=\dimen341
\@thisruleclass=\count383
\@lastruleclass=\count384
\@thisrulewidth=\dimen342
)
(/home/joseluisalmendarezgonzalez/.miktex/texmfs/install/tex/latex/l3backend-de
v/l3backend-pdftex.def
File: l3backend-pdftex.def 2026-02-18 L3 backend support: PDF output (pdfTeX)
\l__color_backend_stack_int=\count385
) (draft.aux
LaTeX Info: Redefining \. on input line 11.
LaTeX Info: Redefining \% on input line 11.
Package babel Info: 'spanish' activates 'spanish' shorthands.
(babel)             Reported on input line 11.
)
\openout1 = `draft.aux'.

LaTeX Font Info:    Checking defaults for OML/cmm/m/it on input line 31.
LaTeX Font Info:    ... okay on input line 31.
LaTeX Font Info:    Checking defaults for OMS/cmsy/m/n on input line 31.
LaTeX Font Info:    ... okay on input line 31.
LaTeX Font Info:    Checking defaults for OT1/cmr/m/n on input line 31.
LaTeX Font Info:    ... okay on input line 31.
LaTeX Font Info:    Checking defaults for T1/cmr/m/n on input line 31.
LaTeX Font Info:    ... okay on input line 31.
LaTeX Font Info:    Checking defaults for TS1/cmr/m/n on input line 31.
LaTeX Font Info:    ... okay on input line 31.
LaTeX Font Info:    Checking defaults for OMX/cmex/m/n on input line 31.
LaTeX Font Info:    ... okay on input line 31.
LaTeX Font Info:    Checking defaults for U/cmr/m/n on input line 31.
LaTeX Font Info:    ... okay on input line 31.
LaTeX Font Info:    Checking defaults for PD1/pdf/m/n on input line 31.
LaTeX Font Info:    ... okay on input line 31.
LaTeX Font Info:    Checking defaults for PU/pdf/m/n on input line 31.
LaTeX Font Info:    ... okay on input line 31.

*geometry* driver: auto-detecting
*geometry* detected driver: pdftex
*geometry* verbose mode - [ preamble ] result:
* driver: pdftex
* paper: custom
* layout: <same size as paper>
* layoutoffset:(h,v)=(0.0pt,0.0pt)
* modes: includehead includefoot 
* h-part:(L,W,R)=(28.45274pt, 307.28987pt, 28.45274pt)
* v-part:(T,H,B)=(0.0pt, 273.14662pt, 0.0pt)
* \paperwidth=364.19536pt
* \paperheight=273.14662pt
* \textwidth=307.28987pt
* \textheight=244.6939pt
* \oddsidemargin=-43.81725pt
* \evensidemargin=-43.81725pt
* \topmargin=-72.26999pt
* \headheight=14.22636pt
* \headsep=0.0pt
* \topskip=11.0pt
* \footskip=14.22636pt
* \marginparwidth=4.0pt
* \marginparsep=10.0pt
* \columnsep=10.0pt
* \skip\footins=10.0pt plus 4.0pt minus 2.0pt
* \hoffset=0.0pt
* \voffset=0.0pt
* \mag=1000
* \@twocolumnfalse
* \@twosidefalse
* \@mparswitchfalse
* \@reversemarginfalse
* (1in=72.27pt=25.4mm, 1cm=28.453pt)


(/home/joseluisalmendarezgonzalez/.miktex/texmfs/install/tex/context/base/mkii/
supp-pdf.mkii
[Loading MPS to PDF converter (version 2006.09.02).]
\scratchcounter=\count386
\scratchdimen=\dimen343
\scratchbox=\box92
\nofMPsegments=\count387
\nofMParguments=\count388
\everyMPshowfont=\toks59
\MPscratchCnt=\count389
\MPscratchDim=\dimen344
\MPnumerator=\count390
\makeMPintoPDFobject=\count391
\everyMPtoPDFconversion=\toks60
)
(/home/joseluisalmendarezgonzalez/.miktex/texmfs/install/tex/latex/epstopdf-pkg
/epstopdf-base.sty
Package: epstopdf-base 2020-01-24 v2.11 Base part for package epstopdf
Package epstopdf-base Info: Redefining graphics rule for `.eps' on input line 4
85.

(/home/joseluisalmendarezgonzalez/.miktex/texmfs/install/tex/latex/00miktex/eps
topdf-sys.cfg
File: epstopdf-sys.cfg 2021/03/18 v2.0 Configuration of epstopdf for MiKTeX
))
Package hyperref Info: Link coloring OFF on input line 31.
 (draft.out) (draft.out)
\@outlinefile=\write5
\openout5 = `draft.out'.

LaTeX Font Info:    Overwriting symbol font `operators' in version `normal'
(Font)                  OT1/cmr/m/n --> OT1/cmss/m/n on input line 31.
LaTeX Font Info:    Overwriting symbol font `operators' in version `bold'
(Font)                  OT1/cmr/bx/n --> OT1/cmss/b/n on input line 31.
\symnumbers=\mathgroup6
\sympureletters=\mathgroup7
LaTeX Font Info:    Overwriting math alphabet `\mathrm' in version `normal'
(Font)                  OT1/cmss/m/n --> OT1/cmr/m/n on input line 31.
LaTeX Font Info:    Redeclaring math alphabet \mathbf on input line 31.
LaTeX Font Info:    Overwriting math alphabet `\mathbf' in version `normal'
(Font)                  OT1/cmr/bx/n --> OT1/cmss/b/n on input line 31.
LaTeX Font Info:    Overwriting math alphabet `\mathbf' in version `bold'
(Font)                  OT1/cmr/bx/n --> OT1/cmss/b/n on input line 31.
LaTeX Font Info:    Redeclaring math alphabet \mathsf on input line 31.
LaTeX Font Info:    Overwriting math alphabet `\mathsf' in version `normal'
(Font)                  OT1/cmss/m/n --> OT1/cmss/m/n on input line 31.
LaTeX Font Info:    Overwriting math alphabet `\mathsf' in version `bold'
(Font)                  OT1/cmss/bx/n --> OT1/cmss/m/n on input line 31.
LaTeX Font Info:    Redeclaring math alphabet \mathit on input line 31.
LaTeX Font Info:    Overwriting math alphabet `\mathit' in version `normal'
(Font)                  OT1/cmr/m/it --> OT1/cmss/m/it on input line 31.
LaTeX Font Info:    Overwriting math alphabet `\mathit' in version `bold'
(Font)                  OT1/cmr/bx/it --> OT1/cmss/m/it on input line 31.
LaTeX Font Info:    Redeclaring math alphabet \mathtt on input line 31.
LaTeX Font Info:    Overwriting math alphabet `\mathtt' in version `normal'
(Font)                  OT1/cmtt/m/n --> OT1/cmtt/m/n on input line 31.
LaTeX Font Info:    Overwriting math alphabet `\mathtt' in version `bold'
(Font)                  OT1/cmtt/m/n --> OT1/cmtt/m/n on input line 31.
LaTeX Font Info:    Overwriting symbol font `numbers' in version `bold'
(Font)                  OT1/cmss/m/n --> OT1/cmss/b/n on input line 31.
LaTeX Font Info:    Overwriting symbol font `pureletters' in version `bold'
(Font)                  OT1/cmss/m/it --> OT1/cmss/b/it on input line 31.
LaTeX Font Info:    Overwriting math alphabet `\mathrm' in version `bold'
(Font)                  OT1/cmss/b/n --> OT1/cmr/b/n on input line 31.
LaTeX Font Info:    Overwriting math alphabet `\mathbf' in version `bold'
(Font)                  OT1/cmss/b/n --> OT1/cmss/b/n on input line 31.
LaTeX Font Info:    Overwriting math alphabet `\mathsf' in version `bold'
(Font)                  OT1/cmss/m/n --> OT1/cmss/b/n on input line 31.
LaTeX Font Info:    Overwriting math alphabet `\mathit' in version `bold'
(Font)                  OT1/cmss/m/it --> OT1/cmss/b/it on input line 31.
LaTeX Font Info:    Overwriting math alphabet `\mathtt' in version `bold'
(Font)                  OT1/cmtt/m/n --> OT1/cmtt/b/n on input line 31.
LaTeX Font Info:    Redeclaring symbol font `pureletters' on input line 31.
LaTeX Font Info:    Overwriting symbol font `pureletters' in version `normal'
(Font)                  OT1/cmss/m/it --> OT1/mathkerncmss/m/sl on input line 3
1.
LaTeX Font Info:    Overwriting symbol font `pureletters' in version `bold'
(Font)                  OT1/cmss/b/it --> OT1/mathkerncmss/m/sl on input line 3
1.
LaTeX Font Info:    Overwriting symbol font `pureletters' in version `bold'
(Font)                  OT1/mathkerncmss/m/sl --> OT1/mathkerncmss/bx/sl on inp
ut line 31.

(/home/joseluisalmendarezgonzalez/.miktex/texmfs/install/tex/latex/translator/t
ranslator-basic-dictionary-English.dict
Dictionary: translator-basic-dictionary, Language: English 
)
(/home/joseluisalmendarezgonzalez/.miktex/texmfs/install/tex/latex/translator/t
ranslator-bibliography-dictionary-English.dict
Dictionary: translator-bibliography-dictionary, Language: English 
)
(/home/joseluisalmendarezgonzalez/.miktex/texmfs/install/tex/latex/translator/t
ranslator-environment-dictionary-English.dict
Dictionary: translator-environment-dictionary, Language: English 
)
(/home/joseluisalmendarezgonzalez/.miktex/texmfs/install/tex/latex/translator/t
ranslator-months-dictionary-English.dict
Dictionary: translator-months-dictionary, Language: English 
)
(/home/joseluisalmendarezgonzalez/.miktex/texmfs/install/tex/latex/translator/t
ranslator-numbers-dictionary-English.dict
Dictionary: translator-numbers-dictionary, Language: English 
)
(/home/joseluisalmendarezgonzalez/.miktex/texmfs/install/tex/latex/translator/t
ranslator-theorem-dictionary-English.dict
Dictionary: translator-theorem-dictionary, Language: English 
)
LaTeX Info: Redefining \. on input line 31.
LaTeX Info: Redefining \% on input line 31.
 (draft.nav)
Overfull \vbox (44.55656pt too high) detected at line 35
 []

[1

{/home/joseluisalmendarezgonzalez/.miktex/texmfs/data/fonts/map/pdftex/pdftex.m
ap}]
LaTeX Font Info:    Trying to load font information for U+msa on input line 52.


(/home/joseluisalmendarezgonzalez/.miktex/texmfs/install/tex/latex/amsfonts/ums
a.fd
File: umsa.fd 2013/01/14 v3.01 AMS symbols A
)
LaTeX Font Info:    Trying to load font information for U+msb on input line 52.


(/home/joseluisalmendarezgonzalez/.miktex/texmfs/install/tex/latex/amsfonts/ums
b.fd
File: umsb.fd 2013/01/14 v3.01 AMS symbols B
)
LaTeX Font Info:    Trying to load font information for OT1+mathkerncmss on inp
ut line 52.

(/home/joseluisalmendarezgonzalez/.miktex/texmfs/install/tex/latex/sansmathacce
nt/ot1mathkerncmss.fd
File: ot1mathkerncmss.fd 2020/01/31 Fontinst v1.933 font definitions for OT1/ma
thkerncmss.
)
LaTeX Font Info:    Font shape `OT1/cmss/b/n' in size <10.95> not available
(Font)              Font shape `OT1/cmss/bx/n' tried instead on input line 52.
LaTeX Font Info:    Font shape `OT1/cmss/b/n' in size <8> not available
(Font)              Font shape `OT1/cmss/bx/n' tried instead on input line 52.
LaTeX Font Info:    Font shape `OT1/cmss/b/n' in size <6> not available
(Font)              Font shape `OT1/cmss/bx/n' tried instead on input line 52.
 [2

]
LaTeX Font Info:    Font shape `OT1/cmss/b/n' in size <9> not available
(Font)              Font shape `OT1/cmss/bx/n' tried instead on input line 82.
LaTeX Font Info:    Font shape `OT1/cmss/b/n' in size <5> not available
(Font)              Font shape `OT1/cmss/bx/n' tried instead on input line 82.

Overfull \vbox (18.76622pt too high) detected at line 82
 []

[3

]
Overfull \hbox (16.22261pt too wide) in paragraph at lines 107--107
[]\OT1/cmss/m/n/10.95 El problema se puede resolver de manera tradicional ($\OT
1/mathkerncmss/m/sl/10.95 x$\OT1/cmss/m/n/10.95 ) y probablemente
 []

[4

]
LaTeX Font Info:    Font shape `OT1/cmss/b/n' in size <7> not available
(Font)              Font shape `OT1/cmss/bx/n' tried instead on input line 235.


Overfull \hbox (2.5846pt too wide) detected at line 235
[] [] []
 []


Underfull \hbox (badness 3536) in paragraph at lines 235--235
\OT1/cmss/m/n/7 La primera iteraci^^Son de este modelo estuvo
 []


Underfull \hbox (badness 1264) in paragraph at lines 235--235
\OT1/cmss/m/n/7 enfocada en la liquidaci^^Son de la deuda como
 []


Underfull \hbox (badness 3895) in paragraph at lines 235--235
\OT1/cmss/m/n/7 prioridad principal de la empresa. Debido a
 []


Underfull \hbox (badness 4954) in paragraph at lines 235--235
\OT1/cmss/m/n/7 que no es viable destinar toda la utilidad
 []


Underfull \hbox (badness 1701) in paragraph at lines 235--235
\OT1/cmss/m/n/7 disponible al pago de obligaciones financieras,
 []


Underfull \hbox (badness 4316) in paragraph at lines 235--235
\OT1/cmss/m/n/7 se incorpor^^So un hiperpar^^Sametro que permite
 []


Underfull \hbox (badness 4899) in paragraph at lines 235--235
\OT1/cmss/m/n/7 a la reducci^^Son de deuda, ajustando as^^S^^P el
 []


Underfull \hbox (badness 2753) in paragraph at lines 235--235
\OT1/cmss/m/n/7 complementaria, se incluy^^So un []hiperpar^^Sametro[]
 []


Underfull \hbox (badness 5147) in paragraph at lines 235--235
\OT1/cmss/m/n/7 Separando ambos hiperpar^^Sametros de la
 []


Underfull \hbox (badness 3954) in paragraph at lines 235--235
\OT1/cmss/m/n/7 evaluar ambos comportamientos.La logica
 []


Underfull \hbox (badness 3514) in paragraph at lines 235--235
[]\OT1/cmss/m/n/7 priorizar[] [][][]exclusivamente[] [][][]la[] [][][]liquidaci
^^Son[] [][][]de[]
 []


Underfull \hbox (badness 3547) in paragraph at lines 235--235
[][][]\OT1/cmss/m/n/7 la[] [][][]deuda[] [][][]puede[] [][][]comprometer[] [][]
[]los[] [][][]gastos[]
 []


Underfull \hbox (badness 1983) in paragraph at lines 235--235
[][][]\OT1/cmss/m/n/7 negocio. Para solucionar esto se necesita
 []


Overfull \vbox (21.99687pt too high) detected at line 235
 []

[5

]
Overfull \vbox (1.48952pt too high) detected at line 280
 []

[6

] [7

]
Underfull \hbox (badness 10000) in paragraph at lines 355--355
[]\OT1/cmss/m/n/7 Dado un conjunto de acreedores $\OMS/cmsy/m/n/7 f\OT1/mathker
ncmss/m/sl/7 d[]\OML/cmm/m/it/7 ; \OT1/mathkerncmss/m/sl/7 d[]\OML/cmm/m/it/7 ;
 [] ; \OT1/mathkerncmss/m/sl/7 d[]\OMS/cmsy/m/n/7 g$ \OT1/cmss/m/n/7 con pesos 
$\OT1/mathkerncmss/m/sl/7 x[]$ \OT1/cmss/m/n/7 proporcionales
 []


Underfull \hbox (badness 10000) in paragraph at lines 355--355
\OT1/cmss/m/n/7 al costo de cada deuda, el modelo distribuye el excedente de ca
ja semanal
 []


Underfull \hbox (badness 10000) in paragraph at lines 355--355
\OT1/cmss/m/n/7 entre pagos y utilidad retenida. La recomendaci^^Son operativa 
toma la forma:
 []

[8

]
Underfull \hbox (badness 1990) in paragraph at lines 385--385
[]\OT1/cmss/m/n/7 El solver distribuye los pagos $\OT1/mathkerncmss/m/sl/7 p[]$
 \OT1/cmss/m/n/7 de modo que la caja se mantenga cerca de $[]$
 []

[9

]

LaTeX Font Warning: Font shape `OT1/cmss/m/n' in size <6.5> not available
(Font)              size <6> substituted on input line 436.

LaTeX Font Info:    Calculating math sizes for size <6.5> on input line 436.

LaTeX Font Warning: Font shape `OT1/cmss/m/n' in size <4.54997> not available
(Font)              size <5> substituted on input line 436.


LaTeX Font Warning: Font shape `OML/cmm/m/it' in size <6.5> not available
(Font)              size <6> substituted on input line 436.


LaTeX Font Warning: Font shape `OML/cmm/m/it' in size <4.54997> not available
(Font)              size <5> substituted on input line 436.


LaTeX Font Warning: Font shape `OML/cmm/m/it' in size <3.25> not available
(Font)              size <5> substituted on input line 436.


LaTeX Font Warning: Font shape `OMS/cmsy/m/n' in size <6.5> not available
(Font)              size <6> substituted on input line 436.


LaTeX Font Warning: Font shape `OMS/cmsy/m/n' in size <4.54997> not available
(Font)              size <5> substituted on input line 436.


LaTeX Font Warning: Font shape `OMS/cmsy/m/n' in size <3.25> not available
(Font)              size <5> substituted on input line 436.

LaTeX Font Info:    Font shape `OT1/cmss/b/n' in size <6.5> not available
(Font)              Font shape `OT1/cmss/bx/n' tried instead on input line 436.


LaTeX Font Warning: Font shape `OT1/cmss/bx/n' in size <6.5> not available
(Font)              size <6> substituted on input line 436.

LaTeX Font Info:    Font shape `OT1/cmss/b/n' in size <4.54997> not available
(Font)              Font shape `OT1/cmss/bx/n' tried instead on input line 436.


LaTeX Font Warning: Font shape `OT1/cmss/bx/n' in size <4.54997> not available
(Font)              size <5> substituted on input line 436.

LaTeX Font Info:    Font shape `OT1/cmss/b/n' in size <3.25> not available
(Font)              Font shape `OT1/cmss/bx/n' tried instead on input line 436.


LaTeX Font Warning: Font shape `OT1/cmss/bx/n' in size <6.5> not available
(Font)              size <6> substituted on input line 436.


LaTeX Font Warning: Font shape `TS1/cmss/bx/n' in size <6.5> not available
(Font)              size <6> substituted on input line 436.

[10

] [11

] [12

] [13

]
\tf@nav=\write6
\openout6 = `draft.nav'.

\tf@toc=\write7
\openout7 = `draft.toc'.

\tf@snm=\write8
\openout8 = `draft.snm'.

 (draft.aux
LaTeX Info: Redefining \. on input line 11.
LaTeX Info: Redefining \% on input line 11.
)
 ***********
LaTeX2e <2025-11-01>
L3 programming layer <2026-04-28>
 ***********


LaTeX Font Warning: Size substitutions with differences
(Font)              up to 1.75pt have occurred.

Package rerunfilecheck Info: File `draft.out' has not changed.
(rerunfilecheck)             Checksum: A78486327A3D8162E2E0BD93A1C55DB9;84.
 ) 
Here is how much of TeX's memory you used:
 29212 strings out of 469620
 605320 string characters out of 5464956
 987817 words of memory out of 5000000
 57445 multiletter control sequences out of 15000+600000
 647685 words of font info for 111 fonts, out of 8000000 for 9000
 0 hyphenation exceptions out of 8191
 128i,18n,123p,1913b,986s stack positions out of 10000i,1000n,20000p,200000b,200000s
 </home/joseluisalmendarezgonzalez/.miktex/texmfs/data/fonts/pk/ljfour/jknapp
en/ec/dpi600/tcsx0600.pk> </home/joseluisalmendarezgonzalez/.miktex/texmfs/data
/fonts/pk/ljfour/jknappen/ec/dpi600/tcsx0700.pk></home/joseluisalmendarezgonzal
ez/.miktex/texmfs/install/fonts/type1/public/amsfonts/cm/cmex10.pfb></home/jose
luisalmendarezgonzalez/.miktex/texmfs/install/fonts/type1/public/amsfonts/cmext
ra/cmex7.pfb></home/joseluisalmendarezgonzalez/.miktex/texmfs/install/fonts/typ
e1/public/amsfonts/cmextra/cmex8.pfb></home/joseluisalmendarezgonzalez/.miktex/
texmfs/install/fonts/type1/public/amsfonts/cmextra/cmex9.pfb></home/joseluisalm
endarezgonzalez/.miktex/texmfs/install/fonts/type1/public/amsfonts/cm/cmmi10.pf
b></home/joseluisalmendarezgonzalez/.miktex/texmfs/install/fonts/type1/public/a
msfonts/cm/cmmi5.pfb></home/joseluisalmendarezgonzalez/.miktex/texmfs/install/f
onts/type1/public/amsfonts/cm/cmmi6.pfb></home/joseluisalmendarezgonzalez/.mikt
ex/texmfs/install/fonts/type1/public/amsfonts/cm/cmmi7.pfb></home/joseluisalmen
darezgonzalez/.miktex/texmfs/install/fonts/type1/public/amsfonts/cm/cmmi8.pfb><
/home/joseluisalmendarezgonzalez/.miktex/texmfs/install/fonts/type1/public/amsf
onts/cm/cmmi9.pfb></home/joseluisalmendarezgonzalez/.miktex/texmfs/install/font
s/type1/public/amsfonts/cm/cmr9.pfb></home/joseluisalmendarezgonzalez/.miktex/t
exmfs/install/fonts/type1/public/amsfonts/cm/cmss10.pfb></home/joseluisalmendar
ezgonzalez/.miktex/texmfs/install/fonts/type1/public/amsfonts/cm/cmss12.pfb></h
ome/joseluisalmendarezgonzalez/.miktex/texmfs/install/fonts/type1/public/amsfon
ts/cm/cmss8.pfb></home/joseluisalmendarezgonzalez/.miktex/texmfs/install/fonts/
type1/public/amsfonts/cm/cmss9.pfb></home/joseluisalmendarezgonzalez/.miktex/te
xmfs/install/fonts/type1/public/amsfonts/cm/cmssbx10.pfb></home/joseluisalmenda
rezgonzalez/.miktex/texmfs/install/fonts/type1/public/amsfonts/cm/cmssi10.pfb><
/home/joseluisalmendarezgonzalez/.miktex/texmfs/install/fonts/type1/public/amsf
onts/cm/cmssi8.pfb></home/joseluisalmendarezgonzalez/.miktex/texmfs/install/fon
ts/type1/public/amsfonts/cm/cmssi9.pfb></home/joseluisalmendarezgonzalez/.mikte
x/texmfs/install/fonts/type1/public/amsfonts/cm/cmsy10.pfb></home/joseluisalmen
darezgonzalez/.miktex/texmfs/install/fonts/type1/public/amsfonts/cm/cmsy6.pfb><
/home/joseluisalmendarezgonzalez/.miktex/texmfs/install/fonts/type1/public/amsf
onts/cm/cmsy7.pfb></home/joseluisalmendarezgonzalez/.miktex/texmfs/install/font
s/type1/public/amsfonts/cm/cmsy8.pfb></home/joseluisalmendarezgonzalez/.miktex/
texmfs/install/fonts/type1/public/amsfonts/cm/cmsy9.pfb></home/joseluisalmendar
ezgonzalez/.miktex/texmfs/install/fonts/type1/public/amsfonts/symbols/msam10.pf
b></home/joseluisalmendarezgonzalez/.miktex/texmfs/install/fonts/type1/public/a
msfonts/symbols/msam7.pfb></home/joseluisalmendarezgonzalez/.miktex/texmfs/inst
all/fonts/type1/public/amsfonts/symbols/msbm10.pfb>
Output written on draft.pdf (13 pages, 300864 bytes).
PDF statistics:
 239 PDF objects out of 1000 (max. 8388607)
 28 named destinations out of 1000 (max. 500000)
 51 words of extra memory for PDF output out of 10000 (max. 10000000)

